<?xml version="1.0" encoding="UTF-8"?>
<testsuite xmlns:xsi="http://www.w3.org/2001/XMLSchema-instance" xsi:noNamespaceSchemaLocation="https://maven.apache.org/surefire/maven-surefire-plugin/xsd/surefire-test-report.xsd" name="TestEvaluator" time="0.196" tests="6" errors="0" skipped="0" failures="0">
  <properties>
    <property name="java.specification.version" value="20"/>
    <property name="sun.cpu.isalist" value="amd64"/>
    <property name="sun.jnu.encoding" value="Cp1252"/>
    <property name="java.class.path" value="D:\Users\Admin\Desktop\Integrator3\target\test-classes;D:\Users\Admin\Desktop\Integrator3\target\classes;C:\Users\Admin\.m2\repository\com\googlecode\json-simple\json-simple\1.1.1\json-simple-1.1.1.jar;C:\Users\Admin\.m2\repository\junit\junit\4.10\junit-4.10.jar;C:\Users\Admin\.m2\repository\org\hamcrest\hamcrest-core\1.1\hamcrest-core-1.1.jar;"/>
    <property name="java.vm.vendor" value="Oracle Corporation"/>
    <property name="sun.arch.data.model" value="64"/>
    <property name="user.variant" value=""/>
    <property name="java.vendor.url" value="https://java.oracle.com/"/>
    <property name="user.timezone" value="Europe/Berlin"/>
    <property name="os.name" value="Windows 11"/>
    <property name="java.vm.specification.version" value="20"/>
    <property name="sun.java.launcher" value="SUN_STANDARD"/>
    <property name="user.country" value="US"/>
    <property name="sun.boot.library.path" value="D:\Program Files\Java\jdk-20.0.2\bin"/>
    <property name="sun.java.command" value="C:\Users\Admin\AppData\Local\Temp\surefire16023108372844243466\surefirebooter12633294871128315231.jar C:\Users\Admin\AppData\Local\Temp\surefire16023108372844243466 2023-11-26T00-25-50_817-jvmRun1 surefire4102098609775908615tmp surefire_02381008802871071954tmp"/>
    <property name="jdk.debug" value="release"/>
    <property name="surefire.test.class.path" value="D:\Users\Admin\Desktop\Integrator3\target\test-classes;D:\Users\Admin\Desktop\Integrator3\target\classes;C:\Users\Admin\.m2\repository\com\googlecode\json-simple\json-simple\1.1.1\json-simple-1.1.1.jar;C:\Users\Admin\.m2\repository\junit\junit\4.10\junit-4.10.jar;C:\Users\Admin\.m2\repository\org\hamcrest\hamcrest-core\1.1\hamcrest-core-1.1.jar;"/>
    <property name="sun.cpu.endian" value="little"/>
    <property name="user.home" value="C:\Users\Admin"/>
    <property name="user.language" value="en"/>
    <property name="java.specification.vendor" value="Oracle Corporation"/>
    <property name="java.version.date" value="2023-07-18"/>
    <property name="java.home" value="D:\Program Files\Java\jdk-20.0.2"/>
    <property name="file.separator" value="\"/>
    <property name="basedir" value="D:\Users\Admin\Desktop\Integrator3"/>
    <property name="java.vm.compressedOopsMode" value="32-bit"/>
    <property name="line.separator" value="&#10;"/>
    <property name="java.vm.specification.vendor" value="Oracle Corporation"/>
    <property name="java.specification.name" value="Java Platform API Specification"/>
    <property name="surefire.real.class.path" value="C:\Users\Admin\AppData\Local\Temp\surefire16023108372844243466\surefirebooter12633294871128315231.jar"/>
    <property name="user.script" value=""/>
    <property name="sun.management.compiler" value="HotSpot 64-Bit Tiered Compilers"/>
    <property name="java.runtime.version" value="20.0.2+9-78"/>
    <property name="user.name" value="Admin"/>
    <property name="stdout.encoding" value="Cp1252"/>
    <property name="path.separator" value=";"/>
    <property name="os.version" value="10.0"/>
    <property name="java.runtime.name" value="Java(TM) SE Runtime Environment"/>
    <property name="file.encoding" value="UTF-8"/>
    <property name="java.vm.name" value="Java HotSpot(TM) 64-Bit Server VM"/>
    <property name="localRepository" value="C:\Users\Admin\.m2\repository"/>
    <property name="java.vendor.url.bug" value="https://bugreport.java.com/bugreport/"/>
    <property name="java.io.tmpdir" value="C:\Users\Admin\AppData\Local\Temp\"/>
    <property name="java.version" value="20.0.2"/>
    <property name="user.dir" value="D:\Users\Admin\Desktop\Integrator3"/>
    <property name="os.arch" value="amd64"/>
    <property name="java.vm.specification.name" value="Java Virtual Machine Specification"/>
    <property name="sun.os.patch.level" value=""/>
    <property name="native.encoding" value="Cp1252"/>
    <property name="java.library.path" value="D:\Program Files\Java\jdk-20.0.2\bin;C:\WINDOWS\Sun\Java\bin;C:\WINDOWS\system32;C:\WINDOWS;D:\Program Files\Eclipse Adoptium\jdk-17.0.9.9-hotspot\bin;D:\Program Files\R\R-4.3.1\bin\x64;D:\Program Files\Java\jdk-20.0.2\bin;D:\Program Files (x86)\Common Files\Oracle\Java\javapath;D:\Program Files\Neovim\bin;C:\Windows\System32;C:\Windows;C:\Windows\System32\wbem;C:\Windows\System32\WindowsPowerShell\v1.0\;C:\Windows\System32\OpenSSH\;C:\Program Files (x86)\NVIDIA Corporation\PhysX\Common;C:\Program Files\dotnet\;D:\Program Files\ffmpeg;C:\Android;C:\Windows\System32;D:\Program Files\Notepad++;D:\Users\Admin\.pyenv\pyenv-win\bin;D:\Users\Admin\.pyenv\pyenv-win\versions\3.10.4;C:\Windows\System32;C:\Windows;C:\Windows\System32\wbem;C:\Windows\System32\WindowsPowerShell\v1.0\;C:\Windows\System32\OpenSSH\;D:\Program Files\nodejs\;C:\ProgramData\chocolatey\bin;D:\Program Files\ProcessExplorerSuite\;D:\Program Files (x86)\C_compilers\mingw32\bin;D:\Program Files\Cmake\cmake-3.24.1-windows-x86_64\bin;D:\Users\Admin\.pyenv\pyenv-win\versions\3.10.4\Scripts;D:\Program Files\Google\Chrome\Application\chromedriver-win64;D:\Program Files\Google\Chrome\Application;D:\Program Files\Git\cmd;D:\Program Files\Maven\apache-maven-3.9.4\bin;D:\Program Files\7-Zip;D:\Program Files\PuTTY\;C:\Users\Admin\AppData\Local\Microsoft\WindowsApps;D:\Program Files\JetBrains\PyCharm Community Edition 2021.1.1\bin;D:\Users\Admin\AppData\Local\Programs\Microsoft VS Code\bin;C:\Users\Admin\AppData\Local\Microsoft\WindowsApps;C:\Users\Admin\AppData\Roaming\npm;D:\Program Files\Google\Chrome\Application\chromedriver_win32\;;."/>
    <property name="java.vm.info" value="mixed mode, sharing"/>
    <property name="stderr.encoding" value="Cp1252"/>
    <property name="java.vendor" value="Oracle Corporation"/>
    <property name="java.vm.version" value="20.0.2+9-78"/>
    <property name="sun.io.unicode.encoding" value="UnicodeLittle"/>
    <property name="java.class.version" value="64.0"/>
  </properties>
  <testcase name="test[0]" classname="TestEvaluator" time="0.026"/>
  <testcase name="test[1]" classname="TestEvaluator" time="0.018"/>
  <testcase name="test[2]" classname="TestEvaluator" time="0.03"/>
  <testcase name="test[3]" classname="TestEvaluator" time="0.006"/>
  <testcase name="test[4]" classname="TestEvaluator" time="0.005"/>
  <testcase name="test[5]" classname="TestEvaluator" time="0.003"/>
</testsuite>